<?xml version="1.0" encoding="UTF-8"?>
<coverage generated="1719752220338" clover="3.2.0">
  <project timestamp="1719752220338" name="All files">
    <metrics statements="31" coveredstatements="25" conditionals="8" coveredconditionals="7" methods="8" coveredmethods="7" elements="47" coveredelements="39" complexity="0" loc="31" ncloc="31" packages="2" files="2" classes="2"/>
    <package name="converor_temperatura">
      <metrics statements="18" coveredstatements="18" conditionals="0" coveredconditionals="0" methods="6" coveredmethods="6"/>
      <file name="conversor_core.js" path="C:\Users\WINDOWS\Documents\saymon-dev\repositorio-github\jest-conversor-temperatura\converor_temperatura\conversor_core.js">
        <metrics statements="18" coveredstatements="18" conditionals="0" coveredconditionals="0" methods="6" coveredmethods="6"/>
        <line num="2" count="4" type="stmt"/>
        <line num="3" count="4" type="stmt"/>
        <line num="8" count="4" type="stmt"/>
        <line num="9" count="4" type="stmt"/>
        <line num="10" count="4" type="stmt"/>
        <line num="15" count="4" type="stmt"/>
        <line num="16" count="4" type="stmt"/>
        <line num="17" count="4" type="stmt"/>
        <line num="22" count="4" type="stmt"/>
        <line num="23" count="4" type="stmt"/>
        <line num="24" count="4" type="stmt"/>
        <line num="29" count="4" type="stmt"/>
        <line num="30" count="4" type="stmt"/>
        <line num="31" count="4" type="stmt"/>
        <line num="37" count="4" type="stmt"/>
        <line num="38" count="4" type="stmt"/>
        <line num="39" count="4" type="stmt"/>
        <line num="42" count="6" type="stmt"/>
      </file>
    </package>
    <package name="imc">
      <metrics statements="13" coveredstatements="7" conditionals="8" coveredconditionals="7" methods="2" coveredmethods="1"/>
      <file name="imc.js" path="C:\Users\WINDOWS\Documents\saymon-dev\repositorio-github\jest-conversor-temperatura\imc\imc.js">
        <metrics statements="13" coveredstatements="7" conditionals="8" coveredconditionals="7" methods="2" coveredmethods="1"/>
        <line num="2" count="10" type="cond" truecount="4" falsecount="0"/>
        <line num="3" count="4" type="stmt"/>
        <line num="5" count="6" type="cond" truecount="3" falsecount="1"/>
        <line num="6" count="0" type="stmt"/>
        <line num="9" count="6" type="stmt"/>
        <line num="10" count="6" type="stmt"/>
        <line num="11" count="6" type="stmt"/>
        <line num="14" count="1" type="stmt"/>
        <line num="17" count="0" type="stmt"/>
        <line num="18" count="0" type="stmt"/>
        <line num="19" count="0" type="stmt"/>
        <line num="20" count="0" type="stmt"/>
        <line num="21" count="0" type="stmt"/>
      </file>
    </package>
  </project>
</coverage>
