{"C:\\Users\\WINDOWS\\Documents\\saymon-dev\\repositorio-github\\jest-conversor-temperatura\\converor_temperatura\\conversor_core.js": {"path":"C:\\Users\\WINDOWS\\Documents\\saymon-dev\\repositorio-github\\jest-conversor-temperatura\\converor_temperatura\\conversor_core.js","statementMap":{"0":{"start":{"line":2,"column":21},"end":{"line":2,"column":41}},"1":{"start":{"line":3,"column":4},"end":{"line":3,"column":21}},"2":{"start":{"line":8,"column":17},"end":{"line":8,"column":33}},"3":{"start":{"line":9,"column":17},"end":{"line":9,"column":46}},"4":{"start":{"line":10,"column":4},"end":{"line":10,"column":17}},"5":{"start":{"line":15,"column":17},"end":{"line":15,"column":44}},"6":{"start":{"line":16,"column":18},"end":{"line":16,"column":47}},"7":{"start":{"line":17,"column":4},"end":{"line":17,"column":18}},"8":{"start":{"line":22,"column":17},"end":{"line":22,"column":55}},"9":{"start":{"line":23,"column":17},"end":{"line":23,"column":46}},"10":{"start":{"line":24,"column":4},"end":{"line":24,"column":17}},"11":{"start":{"line":29,"column":17},"end":{"line":29,"column":32}},"12":{"start":{"line":30,"column":18},"end":{"line":30,"column":47}},"13":{"start":{"line":31,"column":4},"end":{"line":31,"column":18}},"14":{"start":{"line":37,"column":17},"end":{"line":37,"column":49}},"15":{"start":{"line":38,"column":21},"end":{"line":38,"column":50}},"16":{"start":{"line":39,"column":4},"end":{"line":39,"column":21}},"17":{"start":{"line":42,"column":0},"end":{"line":49,"column":1}}},"fnMap":{"0":{"name":"celsiusFahrenheit","decl":{"start":{"line":1,"column":9},"end":{"line":1,"column":26}},"loc":{"start":{"line":1,"column":35},"end":{"line":4,"column":1}},"line":1},"1":{"name":"celsiusKelvin","decl":{"start":{"line":7,"column":9},"end":{"line":7,"column":22}},"loc":{"start":{"line":7,"column":31},"end":{"line":11,"column":1}},"line":7},"2":{"name":"fahrenheitCelsius","decl":{"start":{"line":14,"column":9},"end":{"line":14,"column":26}},"loc":{"start":{"line":14,"column":38},"end":{"line":18,"column":1}},"line":14},"3":{"name":"fahrenheitKelvin","decl":{"start":{"line":21,"column":9},"end":{"line":21,"column":25}},"loc":{"start":{"line":21,"column":37},"end":{"line":25,"column":1}},"line":21},"4":{"name":"kelvinCelsius","decl":{"start":{"line":28,"column":9},"end":{"line":28,"column":22}},"loc":{"start":{"line":28,"column":30},"end":{"line":32,"column":1}},"line":28},"5":{"name":"kelvinFahrenheit","decl":{"start":{"line":36,"column":9},"end":{"line":36,"column":25}},"loc":{"start":{"line":36,"column":33},"end":{"line":40,"column":1}},"line":36}},"branchMap":{},"s":{"0":4,"1":4,"2":4,"3":4,"4":4,"5":4,"6":4,"7":4,"8":4,"9":4,"10":4,"11":4,"12":4,"13":4,"14":4,"15":4,"16":4,"17":6},"f":{"0":4,"1":4,"2":4,"3":4,"4":4,"5":4},"b":{},"_coverageSchema":"1a1c01bbd47fc00a2c39e90264f33305004495a9","hash":"eb54694a625af6f40a68d4625f113e00f93cdd5c"}
,"C:\\Users\\WINDOWS\\Documents\\saymon-dev\\repositorio-github\\jest-conversor-temperatura\\imc\\imc.js": {"path":"C:\\Users\\WINDOWS\\Documents\\saymon-dev\\repositorio-github\\jest-conversor-temperatura\\imc\\imc.js","statementMap":{"0":{"start":{"line":2,"column":4},"end":{"line":2,"column":40}},"1":{"start":{"line":3,"column":4},"end":{"line":3,"column":48}},"2":{"start":{"line":4,"column":4},"end":{"line":4,"column":20}},"3":{"start":{"line":7,"column":0},"end":{"line":7,"column":25}}},"fnMap":{"0":{"name":"imcCalc","decl":{"start":{"line":1,"column":9},"end":{"line":1,"column":16}},"loc":{"start":{"line":1,"column":30},"end":{"line":5,"column":1}},"line":1}},"branchMap":{},"s":{"0":2,"1":2,"2":2,"3":1},"f":{"0":2},"b":{},"_coverageSchema":"1a1c01bbd47fc00a2c39e90264f33305004495a9","hash":"ff8bb59bb8615636b15cb40ff07ae18ec216d54b"}
}
