TN:
SF:converor_temperatura\conversor_core.js
FN:1,celsiusFahrenheit
FN:7,celsiusKelvin
FN:14,fahrenheitCelsius
FN:21,fahrenheitKelvin
FN:28,kelvinCelsius
FN:36,kelvinFahrenheit
FNF:6
FNH:6
FNDA:4,celsiusFahrenheit
FNDA:4,celsiusKelvin
FNDA:4,fahrenheitCelsius
FNDA:4,fahrenheitKelvin
FNDA:4,kelvinCelsius
FNDA:4,kelvinFahrenheit
DA:2,4
DA:3,4
DA:8,4
DA:9,4
DA:10,4
DA:15,4
DA:16,4
DA:17,4
DA:22,4
DA:23,4
DA:24,4
DA:29,4
DA:30,4
DA:31,4
DA:37,4
DA:38,4
DA:39,4
DA:42,6
LF:18
LH:18
BRF:0
BRH:0
end_of_record
TN:
SF:imc\imc.js
FN:1,imcCalc
FN:16,calcularIMC
FNF:2
FNH:1
FNDA:10,imcCalc
FNDA:0,calcularIMC
DA:2,10
DA:3,4
DA:5,6
DA:6,0
DA:9,6
DA:10,6
DA:11,6
DA:14,1
DA:17,0
DA:18,0
DA:19,0
DA:20,0
DA:21,0
LF:13
LH:7
BRDA:2,0,0,4
BRDA:2,0,1,6
BRDA:2,1,0,10
BRDA:2,1,1,8
BRDA:5,2,0,0
BRDA:5,2,1,6
BRDA:5,3,0,6
BRDA:5,3,1,6
BRF:8
BRH:7
end_of_record
