TN:
SF:converor_temperatura\conversor_core.js
FN:1,celsiusFahrenheit
FN:7,celsiusKelvin
FN:14,fahrenheitCelsius
FN:21,fahrenheitKelvin
FN:28,kelvinCelsius
FN:36,kelvinFahrenheit
FNF:6
FNH:6
FNDA:4,celsiusFahrenheit
FNDA:4,celsiusKelvin
FNDA:4,fahrenheitCelsius
FNDA:4,fahrenheitKelvin
FNDA:4,kelvinCelsius
FNDA:4,kelvinFahrenheit
DA:2,4
DA:3,4
DA:8,4
DA:9,4
DA:10,4
DA:15,4
DA:16,4
DA:17,4
DA:22,4
DA:23,4
DA:24,4
DA:29,4
DA:30,4
DA:31,4
DA:37,4
DA:38,4
DA:39,4
DA:42,6
LF:18
LH:18
BRF:0
BRH:0
end_of_record
TN:
SF:imc\imc.js
FN:1,imcCalc
FNF:1
FNH:1
FNDA:2,imcCalc
DA:2,2
DA:3,2
DA:4,2
DA:7,1
LF:4
LH:4
BRF:0
BRH:0
end_of_record
